<?xml version="1.0" encoding="UTF-8"?>
<!-- Generated by org.testng.reporters.JUnitReportReporter -->
<testsuite skipped="0" hostname="DESKTOP-615V1JK" name="Absa.Assesment2.TaskTwo" tests="5" failures="0" timestamp="22 Nov 2018 12:53:11 GMT" time="76.281" errors="0">
  <testcase name="navigate" time="59.634" classname="Absa.Assesment2.TaskTwo"/>
  <testcase name="verifyTableList" time="0.328" classname="Absa.Assesment2.TaskTwo"/>
  <testcase name="ClickAddUser" time="0.586" classname="Absa.Assesment2.TaskTwo"/>
  <testcase name="verifyAddUser" time="0.138" classname="Absa.Assesment2.TaskTwo"/>
  <testcase name="createUsers" time="15.595" classname="Absa.Assesment2.TaskTwo"/>
</testsuite> <!-- Absa.Assesment2.TaskTwo -->
